d:\downloads\egp-410-master\egp-410-master\gameai\steering\debug\vc140.pdb
d:\downloads\egp-410-master\egp-410-master\gameai\steering\debug\vc140.idb
d:\downloads\egp-410-master\egp-410-master\gameai\steering\debug\dynamicarrivesteering.obj
d:\downloads\egp-410-master\egp-410-master\gameai\steering\debug\dynamicseeksteering.obj
d:\downloads\egp-410-master\egp-410-master\gameai\steering\debug\game.obj
d:\downloads\egp-410-master\egp-410-master\gameai\steering\debug\gamemessage.obj
d:\downloads\egp-410-master\egp-410-master\gameai\steering\debug\gamemessagemanager.obj
d:\downloads\egp-410-master\egp-410-master\gameai\steering\debug\graphicsbuffer.obj
d:\downloads\egp-410-master\egp-410-master\gameai\steering\debug\graphicsbuffermanager.obj
d:\downloads\egp-410-master\egp-410-master\gameai\steering\debug\graphicssystem.obj
d:\downloads\egp-410-master\egp-410-master\gameai\steering\debug\kinematic.obj
d:\downloads\egp-410-master\egp-410-master\gameai\steering\debug\kinematicarrivesteering.obj
d:\downloads\egp-410-master\egp-410-master\gameai\steering\debug\kinematicseeksteering.obj
d:\downloads\egp-410-master\egp-410-master\gameai\steering\debug\kinematicunit.obj
d:\downloads\egp-410-master\egp-410-master\gameai\steering\debug\kinematicwandersteering.obj
d:\downloads\egp-410-master\egp-410-master\gameai\steering\debug\main.obj
d:\downloads\egp-410-master\egp-410-master\gameai\steering\debug\playermovetomessage.obj
d:\downloads\egp-410-master\egp-410-master\gameai\steering\debug\sprite.obj
d:\downloads\egp-410-master\egp-410-master\gameai\steering\debug\spritemanager.obj
d:\downloads\egp-410-master\egp-410-master\gameai\steering\debug\steering.obj
d:\downloads\egp-410-master\egp-410-master\gameai\steering\debug\steering.tlog\cl.command.1.tlog
d:\downloads\egp-410-master\egp-410-master\gameai\steering\debug\steering.tlog\cl.read.1.tlog
d:\downloads\egp-410-master\egp-410-master\gameai\steering\debug\steering.tlog\cl.write.1.tlog
d:\downloads\egp-410-master\egp-410-master\gameai\steering\debug\steering.tlog\link.command.1.tlog
d:\downloads\egp-410-master\egp-410-master\gameai\steering\debug\steering.tlog\link.read.1.tlog
d:\downloads\egp-410-master\egp-410-master\gameai\steering\debug\steering.tlog\link.write.1.tlog
