Build started 9/16/2016 9:26:55 PM.
     1>Project "D:\Downloads\EGP-410-master\EGP-410-master\DeanLib\DeanLib.vcxproj" on node 2 (Build target(s)).
     1>ClCompile:
         C:\Program Files (x86)\Microsoft Visual Studio 14.0\VC\bin\CL.exe /c /ZI /nologo /W3 /WX- /sdl /Od /Oy- /D _MBCS /Gm /EHsc /RTC1 /MDd /GS /fp:precise /Zc:wchar_t /Zc:forScope /Zc:inline /Fo"Debug\\" /Fd"Debug\DeanLib.pdb" /Gd /TP /analyze- /errorReport:prompt MemoryPool.cpp MemoryTracker.cpp PerformanceTracker.cpp Timer.cpp Trackable.cpp Vector2D.cpp
         Vector2D.cpp
         Trackable.cpp
         Timer.cpp
         PerformanceTracker.cpp
         MemoryTracker.cpp
         MemoryPool.cpp
         Generating Code...
       Lib:
         C:\Program Files (x86)\Microsoft Visual Studio 14.0\VC\bin\Lib.exe /OUT:"D:\Downloads\EGP-410-master\EGP-410-master\DeanLib\Debug\DeanLib.lib" /NOLOGO Debug\MemoryPool.obj
         Debug\MemoryTracker.obj
         Debug\PerformanceTracker.obj
         Debug\Timer.obj
         Debug\Trackable.obj
         Debug\Vector2D.obj
         DeanLib.vcxproj -> D:\Downloads\EGP-410-master\EGP-410-master\DeanLib\Debug\DeanLib.lib
     1>Done Building Project "D:\Downloads\EGP-410-master\EGP-410-master\DeanLib\DeanLib.vcxproj" (Build target(s)).

Build succeeded.

Time Elapsed 00:00:03.19
